<?xml version="1.0" encoding="UTF-8"?>
<!-- Generated by org.testng.reporters.JUnitXMLReporter -->
<testsuite ignored="0" hostname="SRINIVAS-G2005" failures="0" tests="5" name="Default test" time="69.395" errors="0" timestamp="2025-03-02T16:00:57 IST">
  <testcase classname="DemoQA.HandlingCheckBoxes" name="clickRootCheckBoxes" time="0.45"/>
  <testcase classname="DemoQA.HandlingCheckBoxes" name="clickAllCheckBoxes" time="0.537"/>
  <testcase classname="DemoQA.HandlingCheckBoxes" name="clickSetBySetBoxes" time="3.622"/>
  <testcase classname="DemoQA.HandlingCheckBoxes" name="clickBoxWithName" time="0.48"/>
  <testcase classname="DemoQA.HandlingCheckBoxes" name="clickRandomBox" time="0.316"/>
</testsuite> <!-- Default test -->
