<?xml version="1.0" encoding="UTF-8"?>
<!-- Generated by org.testng.reporters.JUnitXMLReporter -->
<testsuite ignored="4" hostname="SRINIVAS-G2005" failures="1" tests="1" name="Default test" time="41.672" errors="0" timestamp="2025-03-02T13:05:44 IST">
  <testcase classname="DemoQA.HandlingCheckBoxes" name="clickAllCheckBoxes" time="35.125">
    <failure type="org.openqa.selenium.ElementClickInterceptedException" message="element click intercepted: Element &amp;lt;path d=&amp;quot;M19 3H5c-1.11 0-2 .9-2 2v14c0 1.1.89 2 2 2h14c1.1 0 2-.9 2-2V5c0-1.1-.9-2-2-2zm-2 10h-4v4h-2v-4H7v-2h4V7h2v4h4v2z&amp;quot;&amp;gt;&amp;lt;/path&amp;gt; is not clickable at point (696, 300). Other element would receive the click: &amp;lt;svg stroke=&amp;quot;currentColor&amp;quot; fill=&amp;quot;currentColor&amp;quot; stroke-width=&amp;quot;0&amp;quot; viewBox=&amp;quot;0 0 24 24&amp;quot; class=&amp;quot;rct-icon rct-icon-expand-all&amp;quot; height=&amp;quot;1em&amp;quot; width=&amp;quot;1em&amp;quot; xmlns=&amp;quot;http://www.w3.org/2000/svg&amp;quot;&amp;gt;...&amp;lt;/svg&amp;gt;
  (Session info: chrome=133.0.6943.142)
Build info: version: &amp;apos;4.29.0&amp;apos;, revision: &amp;apos;5fc1ec94cb&amp;apos;
System info: os.name: &amp;apos;Windows 11&amp;apos;, os.arch: &amp;apos;amd64&amp;apos;, os.version: &amp;apos;10.0&amp;apos;, java.version: &amp;apos;21&amp;apos;
Driver info: org.openqa.selenium.chrome.ChromeDriver
Command: [8f6d47fd37df5f317f1c0d4fe2773519, clickElement {id=f.AE3F9E124F02EFDA50C7315B4E744DC9.d.F8973A027772D71378726F8D4C8767DA.e.52}]
Capabilities {acceptInsecureCerts: false, browserName: chrome, browserVersion: 133.0.6943.142, chrome: {chromedriverVersion: 133.0.6943.141 (2a5d6da0d61..., userDataDir: C:\Users\ASUS\AppData\Local...}, fedcm:accounts: true, goog:chromeOptions: {debuggerAddress: localhost:57120}, networkConnectionEnabled: false, pageLoadStrategy: normal, platformName: windows, proxy: Proxy(), se:cdp: ws://localhost:57120/devtoo..., se:cdpVersion: 133.0.6943.142, setWindowRect: true, strictFileInteractability: false, timeouts: {implicit: 0, pageLoad: 300000, script: 30000}, unhandledPromptBehavior: dismiss and notify, webauthn:extension:credBlob: true, webauthn:extension:largeBlob: true, webauthn:extension:minPinLength: true, webauthn:extension:prf: true, webauthn:virtualAuthenticators: true}
Element: [[ChromeDriver: chrome on windows (8f6d47fd37df5f317f1c0d4fe2773519)] -&amp;gt; xpath: //button[@title=&amp;apos;Expand all&amp;apos;]//*[name()=&amp;apos;svg&amp;apos;]//*[name()=&amp;apos;path&amp;apos; and contains(@d,&amp;apos;M19 3H5c-1&amp;apos;)]]
Session ID: 8f6d47fd37df5f317f1c0d4fe2773519">
      <![CDATA[org.openqa.selenium.ElementClickInterceptedException: element click intercepted: Element <path d="M19 3H5c-1.11 0-2 .9-2 2v14c0 1.1.89 2 2 2h14c1.1 0 2-.9 2-2V5c0-1.1-.9-2-2-2zm-2 10h-4v4h-2v-4H7v-2h4V7h2v4h4v2z"></path> is not clickable at point (696, 300). Other element would receive the click: <svg stroke="currentColor" fill="currentColor" stroke-width="0" viewBox="0 0 24 24" class="rct-icon rct-icon-expand-all" height="1em" width="1em" xmlns="http://www.w3.org/2000/svg">...</svg>
  (Session info: chrome=133.0.6943.142)
Build info: version: '4.29.0', revision: '5fc1ec94cb'
System info: os.name: 'Windows 11', os.arch: 'amd64', os.version: '10.0', java.version: '21'
Driver info: org.openqa.selenium.chrome.ChromeDriver
Command: [8f6d47fd37df5f317f1c0d4fe2773519, clickElement {id=f.AE3F9E124F02EFDA50C7315B4E744DC9.d.F8973A027772D71378726F8D4C8767DA.e.52}]
Capabilities {acceptInsecureCerts: false, browserName: chrome, browserVersion: 133.0.6943.142, chrome: {chromedriverVersion: 133.0.6943.141 (2a5d6da0d61..., userDataDir: C:\Users\ASUS\AppData\Local...}, fedcm:accounts: true, goog:chromeOptions: {debuggerAddress: localhost:57120}, networkConnectionEnabled: false, pageLoadStrategy: normal, platformName: windows, proxy: Proxy(), se:cdp: ws://localhost:57120/devtoo..., se:cdpVersion: 133.0.6943.142, setWindowRect: true, strictFileInteractability: false, timeouts: {implicit: 0, pageLoad: 300000, script: 30000}, unhandledPromptBehavior: dismiss and notify, webauthn:extension:credBlob: true, webauthn:extension:largeBlob: true, webauthn:extension:minPinLength: true, webauthn:extension:prf: true, webauthn:virtualAuthenticators: true}
Element: [[ChromeDriver: chrome on windows (8f6d47fd37df5f317f1c0d4fe2773519)] -> xpath: //button[@title='Expand all']//*[name()='svg']//*[name()='path' and contains(@d,'M19 3H5c-1')]]
Session ID: 8f6d47fd37df5f317f1c0d4fe2773519
at java.base/jdk.internal.reflect.DirectConstructorHandleAccessor.newInstance(DirectConstructorHandleAccessor.java:62)
at java.base/java.lang.reflect.Constructor.newInstanceWithCaller(Constructor.java:502)
at java.base/java.lang.reflect.Constructor.newInstance(Constructor.java:486)
at org.openqa.selenium.remote.ErrorCodec.decode(ErrorCodec.java:167)
at org.openqa.selenium.remote.codec.w3c.W3CHttpResponseCodec.decode(W3CHttpResponseCodec.java:138)
at org.openqa.selenium.remote.codec.w3c.W3CHttpResponseCodec.decode(W3CHttpResponseCodec.java:50)
at org.openqa.selenium.remote.HttpCommandExecutor.execute(HttpCommandExecutor.java:215)
at org.openqa.selenium.remote.service.DriverCommandExecutor.invokeExecute(DriverCommandExecutor.java:216)
at org.openqa.selenium.remote.service.DriverCommandExecutor.execute(DriverCommandExecutor.java:174)
at org.openqa.selenium.remote.RemoteWebDriver.execute(RemoteWebDriver.java:545)
at org.openqa.selenium.remote.RemoteWebElement.execute(RemoteWebElement.java:223)
at org.openqa.selenium.remote.RemoteWebElement.click(RemoteWebElement.java:76)
at DemoQA.HandlingCheckBoxes.clickAllCheckBoxes(HandlingCheckBoxes.java:48)
at java.base/jdk.internal.reflect.DirectMethodHandleAccessor.invoke(DirectMethodHandleAccessor.java:103)
at java.base/java.lang.reflect.Method.invoke(Method.java:580)
at org.testng.internal.invokers.MethodInvocationHelper.invokeMethod(MethodInvocationHelper.java:141)
at org.testng.internal.invokers.TestInvoker.invokeMethod(TestInvoker.java:686)
at org.testng.internal.invokers.TestInvoker.invokeTestMethod(TestInvoker.java:230)
at org.testng.internal.invokers.MethodRunner.runInSequence(MethodRunner.java:63)
at org.testng.internal.invokers.TestInvoker$MethodInvocationAgent.invoke(TestInvoker.java:992)
at org.testng.internal.invokers.TestInvoker.invokeTestMethods(TestInvoker.java:203)
at org.testng.internal.invokers.TestMethodWorker.invokeTestMethods(TestMethodWorker.java:154)
at org.testng.internal.invokers.TestMethodWorker.run(TestMethodWorker.java:134)
at java.base/java.util.ArrayList.forEach(ArrayList.java:1596)
at org.testng.TestRunner.privateRun(TestRunner.java:739)
at org.testng.TestRunner.run(TestRunner.java:614)
at org.testng.SuiteRunner.runTest(SuiteRunner.java:421)
at org.testng.SuiteRunner.runSequentially(SuiteRunner.java:413)
at org.testng.SuiteRunner.privateRun(SuiteRunner.java:373)
at org.testng.SuiteRunner.run(SuiteRunner.java:312)
at org.testng.SuiteRunnerWorker.runSuite(SuiteRunnerWorker.java:52)
at org.testng.SuiteRunnerWorker.run(SuiteRunnerWorker.java:95)
at org.testng.TestNG.runSuitesSequentially(TestNG.java:1274)
at org.testng.TestNG.runSuitesLocally(TestNG.java:1208)
at org.testng.TestNG.runSuites(TestNG.java:1112)
at org.testng.TestNG.run(TestNG.java:1079)
at org.testng.remote.AbstractRemoteTestNG.run(AbstractRemoteTestNG.java:115)
at org.testng.remote.RemoteTestNG.initAndRun(RemoteTestNG.java:293)
at org.testng.remote.RemoteTestNG.main(RemoteTestNG.java:91)
]]>
    </failure>
  </testcase> <!-- clickAllCheckBoxes -->
  <testcase classname="DemoQA.HandlingCheckBoxes" name="clickSetBySetBoxes" time="0.0">
    <ignored/>
  </testcase> <!-- clickSetBySetBoxes -->
  <testcase classname="DemoQA.HandlingCheckBoxes" name="clickRootCheckBoxes" time="0.0">
    <ignored/>
  </testcase> <!-- clickRootCheckBoxes -->
  <testcase classname="DemoQA.HandlingCheckBoxes" name="clickRandomBox" time="0.0">
    <ignored/>
  </testcase> <!-- clickRandomBox -->
  <testcase classname="DemoQA.HandlingCheckBoxes" name="clickBoxWithName" time="0.0">
    <ignored/>
  </testcase> <!-- clickBoxWithName -->
</testsuite> <!-- Default test -->
