<?xml version="1.0" encoding="UTF-8"?>
<testng-results ignored="0" total="1" passed="1" failed="0" skipped="0">
  <reporter-output>
  </reporter-output>
  <suite started-at="2025-03-29T09:16:40 IST" name="Default suite" finished-at="2025-03-29T09:16:56 IST" duration-ms="16369">
    <groups>
    </groups>
    <test started-at="2025-03-29T09:16:40 IST" name="Default test" finished-at="2025-03-29T09:16:56 IST" duration-ms="16369">
      <class name="automationBlogSpot.HandlingCheckBoxes">
        <test-method is-config="true" signature="setUp()[pri:0, instance:automationBlogSpot.HandlingCheckBoxes@7c7a06ec]" started-at="2025-03-29T09:16:40 IST" name="setUp" finished-at="2025-03-29T09:16:56 IST" duration-ms="15902" status="PASS">
          <reporter-output>
          </reporter-output>
        </test-method> <!-- setUp -->
        <test-method signature="lastThreeBoxes()[pri:3, instance:automationBlogSpot.HandlingCheckBoxes@7c7a06ec]" started-at="2025-03-29T09:16:56 IST" name="lastThreeBoxes" finished-at="2025-03-29T09:16:56 IST" duration-ms="223" status="PASS">
          <reporter-output>
          </reporter-output>
        </test-method> <!-- lastThreeBoxes -->
        <test-method is-config="true" signature="tearDown()[pri:0, instance:automationBlogSpot.HandlingCheckBoxes@7c7a06ec]" started-at="2025-03-29T09:16:56 IST" name="tearDown" finished-at="2025-03-29T09:16:56 IST" duration-ms="200" status="PASS">
          <reporter-output>
          </reporter-output>
        </test-method> <!-- tearDown -->
      </class> <!-- automationBlogSpot.HandlingCheckBoxes -->
    </test> <!-- Default test -->
  </suite> <!-- Default suite -->
</testng-results>
