<?xml version="1.0" encoding="UTF-8"?>
<testng-results ignored="0" total="5" passed="5" failed="0" skipped="0">
  <reporter-output>
  </reporter-output>
  <suite started-at="2025-03-29T09:40:40 IST" name="Default suite" finished-at="2025-03-29T09:41:13 IST" duration-ms="33060">
    <groups>
    </groups>
    <test started-at="2025-03-29T09:40:40 IST" name="Default test" finished-at="2025-03-29T09:41:13 IST" duration-ms="33060">
      <class name="automationBlogSpot.HandlingCheckBoxes">
        <test-method is-config="true" signature="setUp()[pri:0, instance:automationBlogSpot.HandlingCheckBoxes@5b7a5baa]" started-at="2025-03-29T09:40:40 IST" name="setUp" finished-at="2025-03-29T09:41:06 IST" duration-ms="26389" status="PASS">
          <reporter-output>
          </reporter-output>
        </test-method> <!-- setUp -->
        <test-method signature="customCheckBox()[pri:1, instance:automationBlogSpot.HandlingCheckBoxes@5b7a5baa]" started-at="2025-03-29T09:41:06 IST" name="customCheckBox" finished-at="2025-03-29T09:41:07 IST" duration-ms="224" status="PASS">
          <reporter-output>
          </reporter-output>
        </test-method> <!-- customCheckBox -->
        <test-method signature="selectAllBoxes()[pri:2, instance:automationBlogSpot.HandlingCheckBoxes@5b7a5baa]" started-at="2025-03-29T09:41:07 IST" name="selectAllBoxes" finished-at="2025-03-29T09:41:08 IST" duration-ms="996" status="PASS">
          <reporter-output>
          </reporter-output>
        </test-method> <!-- selectAllBoxes -->
        <test-method signature="lastThreeBoxes()[pri:3, instance:automationBlogSpot.HandlingCheckBoxes@5b7a5baa]" started-at="2025-03-29T09:41:08 IST" name="lastThreeBoxes" finished-at="2025-03-29T09:41:08 IST" duration-ms="404" status="PASS">
          <reporter-output>
          </reporter-output>
        </test-method> <!-- lastThreeBoxes -->
        <test-method signature="evenCheckBoxes()[pri:4, instance:automationBlogSpot.HandlingCheckBoxes@5b7a5baa]" started-at="2025-03-29T09:41:08 IST" name="evenCheckBoxes" finished-at="2025-03-29T09:41:08 IST" duration-ms="530" status="PASS">
          <reporter-output>
          </reporter-output>
        </test-method> <!-- evenCheckBoxes -->
        <test-method signature="unselectSelectedBoxes()[pri:5, instance:automationBlogSpot.HandlingCheckBoxes@5b7a5baa]" started-at="2025-03-29T09:41:08 IST" name="unselectSelectedBoxes" finished-at="2025-03-29T09:41:12 IST" duration-ms="3992" status="PASS">
          <reporter-output>
          </reporter-output>
        </test-method> <!-- unselectSelectedBoxes -->
        <test-method is-config="true" signature="tearDown()[pri:0, instance:automationBlogSpot.HandlingCheckBoxes@5b7a5baa]" started-at="2025-03-29T09:41:12 IST" name="tearDown" finished-at="2025-03-29T09:41:13 IST" duration-ms="430" status="PASS">
          <reporter-output>
          </reporter-output>
        </test-method> <!-- tearDown -->
      </class> <!-- automationBlogSpot.HandlingCheckBoxes -->
    </test> <!-- Default test -->
  </suite> <!-- Default suite -->
</testng-results>
